---------------------------------------------------------------
[ 2018-03-05T11:54:40+08:00 ] 0.0.0.0 GET /
[ info ] localhost:8888/ [运行时间：0.156969s][吞吐率：6.37req/s] [内存消耗：1,772.69kb] [文件加载：51]
[ info ] [ LANG ] /Users/liyigang/Desktop/tp5/thinkphp/lang/zh-cn.php
[ info ] [ ROUTE ] array (
)
[ info ] [ HEADER ] array (
  'host' => 'localhost:8888',
  'connection' => 'keep-alive',
  'upgrade-insecure-requests' => '1',
  'user-agent' => 'Mozilla/5.0 (Macintosh; Intel Mac OS X 10_13_1) AppleWebKit/537.36 (KHTML, like Gecko) Chrome/64.0.3282.186 Safari/537.36',
  'accept' => 'text/html,application/xhtml+xml,application/xml;q=0.9,image/webp,image/apng,*/*;q=0.8',
  'accept-encoding' => 'gzip, deflate, br',
  'accept-language' => 'zh-CN,zh;q=0.9,en;q=0.8',
)
[ info ] [ PARAM ] array (
)
[ info ] [ LOG ] INIT File
---------------------------------------------------------------
[ 2018-03-05T11:54:43+08:00 ] 0.0.0.0 GET /home
[ info ] localhost:8888/home [运行时间：0.039772s][吞吐率：25.14req/s] [内存消耗：1,825.27kb] [文件加载：55]
[ info ] [ LANG ] /Users/liyigang/Desktop/tp5/thinkphp/lang/zh-cn.php
[ info ] [ ROUTE ] array (
)
[ info ] [ HEADER ] array (
  'host' => 'localhost:8888',
  'connection' => 'keep-alive',
  'upgrade-insecure-requests' => '1',
  'user-agent' => 'Mozilla/5.0 (Macintosh; Intel Mac OS X 10_13_1) AppleWebKit/537.36 (KHTML, like Gecko) Chrome/64.0.3282.186 Safari/537.36',
  'accept' => 'text/html,application/xhtml+xml,application/xml;q=0.9,image/webp,image/apng,*/*;q=0.8',
  'accept-encoding' => 'gzip, deflate, br',
  'accept-language' => 'zh-CN,zh;q=0.9,en;q=0.8',
)
[ info ] [ PARAM ] array (
)
[ info ] [ SESSION ] INIT array (
  'id' => '',
  'var_session_id' => '',
  'prefix' => 'think',
  'type' => '',
  'auto_start' => true,
  'httponly' => true,
  'secure' => false,
  'expire' => 600,
)
[ info ] [ LOG ] INIT File
---------------------------------------------------------------
[ 2018-03-05T11:54:43+08:00 ] 0.0.0.0 GET /user/login
[ info ] localhost:8888/user/login [运行时间：0.045977s][吞吐率：21.75req/s] [内存消耗：1,774.40kb] [文件加载：53]
[ info ] [ LANG ] /Users/liyigang/Desktop/tp5/thinkphp/lang/zh-cn.php
[ info ] [ ROUTE ] array (
  'rule' => 'user/login',
  'route' => 'home/UsersController/login',
  'option' => 
  array (
  ),
  'var' => 
  array (
  ),
)
[ info ] [ HEADER ] array (
  'host' => 'localhost:8888',
  'connection' => 'keep-alive',
  'upgrade-insecure-requests' => '1',
  'user-agent' => 'Mozilla/5.0 (Macintosh; Intel Mac OS X 10_13_1) AppleWebKit/537.36 (KHTML, like Gecko) Chrome/64.0.3282.186 Safari/537.36',
  'accept' => 'text/html,application/xhtml+xml,application/xml;q=0.9,image/webp,image/apng,*/*;q=0.8',
  'accept-encoding' => 'gzip, deflate, br',
  'accept-language' => 'zh-CN,zh;q=0.9,en;q=0.8',
  'cookie' => 'PHPSESSID=0a25464b6cbcc128178b9de3a9948a7b',
)
[ info ] [ PARAM ] array (
)
[ info ] [ VIEW ] /Users/liyigang/Desktop/tp5/application/home/view/users_controller/login.html [ array (
) ]
[ info ] [ LOG ] INIT File
---------------------------------------------------------------
[ 2018-03-05T11:54:49+08:00 ] 0.0.0.0 POST /users/login/handler
[ info ] localhost:8888/users/login/handler [运行时间：0.609245s][吞吐率：1.64req/s] [内存消耗：3,489.11kb] [文件加载：69]
[ info ] [ LANG ] /Users/liyigang/Desktop/tp5/thinkphp/lang/zh-cn.php
[ info ] [ ROUTE ] array (
  'rule' => 'users/login/handler',
  'route' => 'home/UsersController/loginHandler',
  'option' => 
  array (
  ),
  'var' => 
  array (
  ),
)
[ info ] [ HEADER ] array (
  'host' => 'localhost:8888',
  'connection' => 'keep-alive',
  'content-length' => '75',
  'accept' => '*/*',
  'origin' => 'http://localhost:8888',
  'x-requested-with' => 'XMLHttpRequest',
  'user-agent' => 'Mozilla/5.0 (Macintosh; Intel Mac OS X 10_13_1) AppleWebKit/537.36 (KHTML, like Gecko) Chrome/64.0.3282.186 Safari/537.36',
  'content-type' => 'application/x-www-form-urlencoded; charset=UTF-8',
  'referer' => 'http://localhost:8888/user/login',
  'accept-encoding' => 'gzip, deflate, br',
  'accept-language' => 'zh-CN,zh;q=0.9,en;q=0.8',
  'cookie' => 'PHPSESSID=0a25464b6cbcc128178b9de3a9948a7b',
)
[ info ] [ PARAM ] array (
  'form' => 
  array (
    'username' => 'root',
    'password' => '63a9f0ea7bb98050796b649e85481845',
  ),
)
[ info ] [ DB ] INIT mysql
[ info ] [ SESSION ] INIT array (
  'id' => '',
  'var_session_id' => '',
  'prefix' => 'think',
  'type' => '',
  'auto_start' => true,
  'httponly' => true,
  'secure' => false,
  'expire' => 600,
)
[ info ] [ LOG ] INIT File
[ sql ] [ DB ] CONNECT:[ UseTime:0.272982s ] mysql:host=119.23.31.157;port=3306;dbname=companytool;charset=utf8
[ sql ] [ SQL ] SHOW COLUMNS FROM `users` [ RunTime:0.070019s ]
[ sql ] [ SQL ] SELECT * FROM `users` WHERE  `username` = 'root'  AND `password` = '63a9f0ea7bb98050796b649e85481845' [ RunTime:0.028111s ]
[ sql ] [ SQL ] SELECT * FROM `users` WHERE  `username` = 'root'  AND `password` = '63a9f0ea7bb98050796b649e85481845' [ RunTime:0.046393s ]
[ sql ] [ SQL ] SELECT * FROM `users` WHERE  `username` = 'root'  AND `password` = '63a9f0ea7bb98050796b649e85481845' [ RunTime:0.048195s ]
---------------------------------------------------------------
[ 2018-03-05T11:54:51+08:00 ] 0.0.0.0 GET /home/index
[ info ] localhost:8888/home/index [运行时间：0.064023s][吞吐率：15.62req/s] [内存消耗：1,967.70kb] [文件加载：56]
[ info ] [ LANG ] /Users/liyigang/Desktop/tp5/thinkphp/lang/zh-cn.php
[ info ] [ ROUTE ] array (
  'rule' => 'home/index',
  'route' => 'home/index/home',
  'option' => 
  array (
  ),
  'var' => 
  array (
  ),
)
[ info ] [ HEADER ] array (
  'host' => 'localhost:8888',
  'connection' => 'keep-alive',
  'upgrade-insecure-requests' => '1',
  'user-agent' => 'Mozilla/5.0 (Macintosh; Intel Mac OS X 10_13_1) AppleWebKit/537.36 (KHTML, like Gecko) Chrome/64.0.3282.186 Safari/537.36',
  'accept' => 'text/html,application/xhtml+xml,application/xml;q=0.9,image/webp,image/apng,*/*;q=0.8',
  'referer' => 'http://localhost:8888/user/login',
  'accept-encoding' => 'gzip, deflate, br',
  'accept-language' => 'zh-CN,zh;q=0.9,en;q=0.8',
  'cookie' => 'PHPSESSID=0a25464b6cbcc128178b9de3a9948a7b',
)
[ info ] [ PARAM ] array (
)
[ info ] [ SESSION ] INIT array (
  'id' => '',
  'var_session_id' => '',
  'prefix' => 'think',
  'type' => '',
  'auto_start' => true,
  'httponly' => true,
  'secure' => false,
  'expire' => 600,
)
[ info ] [ VIEW ] /Users/liyigang/Desktop/tp5/application/home/view/index/home.html [ array (
  0 => 'time',
  1 => 'nickname',
) ]
[ info ] [ LOG ] INIT File
---------------------------------------------------------------
[ 2018-03-05T11:54:53+08:00 ] 0.0.0.0 GET /home/picture
[ info ] localhost:8888/home/picture [运行时间：0.519582s][吞吐率：1.92req/s] [内存消耗：3,752.00kb] [文件加载：73]
[ info ] [ LANG ] /Users/liyigang/Desktop/tp5/thinkphp/lang/zh-cn.php
[ info ] [ ROUTE ] array (
  'rule' => 'home/picture',
  'route' => 'home/picture/index',
  'option' => 
  array (
  ),
  'var' => 
  array (
  ),
)
[ info ] [ HEADER ] array (
  'host' => 'localhost:8888',
  'connection' => 'keep-alive',
  'upgrade-insecure-requests' => '1',
  'user-agent' => 'Mozilla/5.0 (Macintosh; Intel Mac OS X 10_13_1) AppleWebKit/537.36 (KHTML, like Gecko) Chrome/64.0.3282.186 Safari/537.36',
  'accept' => 'text/html,application/xhtml+xml,application/xml;q=0.9,image/webp,image/apng,*/*;q=0.8',
  'referer' => 'http://localhost:8888/home/index',
  'accept-encoding' => 'gzip, deflate, br',
  'accept-language' => 'zh-CN,zh;q=0.9,en;q=0.8',
  'cookie' => 'PHPSESSID=0a25464b6cbcc128178b9de3a9948a7b',
)
[ info ] [ PARAM ] array (
)
[ info ] [ SESSION ] INIT array (
  'id' => '',
  'var_session_id' => '',
  'prefix' => 'think',
  'type' => '',
  'auto_start' => true,
  'httponly' => true,
  'secure' => false,
  'expire' => 600,
)
[ info ] [ DB ] INIT mysql
[ info ] [ VIEW ] /Users/liyigang/Desktop/tp5/application/home/view/picture/index.html [ array (
  0 => 'time',
  1 => 'nickname',
  2 => 'picture',
) ]
[ info ] [ LOG ] INIT File
[ sql ] [ DB ] CONNECT:[ UseTime:0.106524s ] mysql:host=119.23.31.157;port=3306;dbname=companytool;charset=utf8
[ sql ] [ SQL ] SHOW COLUMNS FROM `users` [ RunTime:0.108996s ]
[ sql ] [ SQL ] SELECT * FROM `users` WHERE  `username` = 'root' LIMIT 1 [ RunTime:0.039140s ]
[ sql ] [ SQL ] SHOW COLUMNS FROM `pic_src` [ RunTime:0.085221s ]
[ sql ] [ SQL ] SELECT * FROM `pic_src` WHERE  `bg` = '坂田街道办' [ RunTime:0.048634s ]
[ sql ] [ SQL ] SELECT * FROM `users` WHERE  `username` = 'root' LIMIT 1 [ RunTime:0.048719s ]
---------------------------------------------------------------
[ 2018-03-05T11:54:53+08:00 ] 0.0.0.0 GET /uploads/2018-02-28/ios-down-hover.png
[ info ] localhost:8888/uploads/2018-02-28/ios-down-hover.png [运行时间：0.044663s][吞吐率：22.39req/s] [内存消耗：1,452.86kb] [文件加载：46]
[ info ] [ LANG ] /Users/liyigang/Desktop/tp5/thinkphp/lang/zh-cn.php
[ info ] [ ROUTE ] array (
)
[ info ] [ HEADER ] array (
  'host' => 'localhost:8888',
  'connection' => 'keep-alive',
  'user-agent' => 'Mozilla/5.0 (Macintosh; Intel Mac OS X 10_13_1) AppleWebKit/537.36 (KHTML, like Gecko) Chrome/64.0.3282.186 Safari/537.36',
  'accept' => 'image/webp,image/apng,image/*,*/*;q=0.8',
  'referer' => 'http://localhost:8888/home/picture',
  'accept-encoding' => 'gzip, deflate, br',
  'accept-language' => 'zh-CN,zh;q=0.9,en;q=0.8',
  'cookie' => 'PHPSESSID=0a25464b6cbcc128178b9de3a9948a7b',
)
[ info ] [ PARAM ] array (
)
[ info ] [ LOG ] INIT File
---------------------------------------------------------------
[ 2018-03-05T11:54:54+08:00 ] 0.0.0.0 GET /uploads/2018-02-28/ios-down.png
[ info ] localhost:8888/uploads/2018-02-28/ios-down.png [运行时间：0.027464s][吞吐率：36.41req/s] [内存消耗：1,452.98kb] [文件加载：46]
[ info ] [ LANG ] /Users/liyigang/Desktop/tp5/thinkphp/lang/zh-cn.php
[ info ] [ ROUTE ] array (
)
[ info ] [ HEADER ] array (
  'host' => 'localhost:8888',
  'connection' => 'keep-alive',
  'user-agent' => 'Mozilla/5.0 (Macintosh; Intel Mac OS X 10_13_1) AppleWebKit/537.36 (KHTML, like Gecko) Chrome/64.0.3282.186 Safari/537.36',
  'accept' => 'image/webp,image/apng,image/*,*/*;q=0.8',
  'referer' => 'http://localhost:8888/home/picture',
  'accept-encoding' => 'gzip, deflate, br',
  'accept-language' => 'zh-CN,zh;q=0.9,en;q=0.8',
  'cookie' => 'PHPSESSID=0a25464b6cbcc128178b9de3a9948a7b',
)
[ info ] [ PARAM ] array (
)
[ info ] [ LOG ] INIT File
---------------------------------------------------------------
[ 2018-03-05T11:54:54+08:00 ] 0.0.0.0 GET /uploads/2018-02-28/book-button.png
[ info ] localhost:8888/uploads/2018-02-28/book-button.png [运行时间：0.028104s][吞吐率：35.58req/s] [内存消耗：1,452.96kb] [文件加载：46]
[ info ] [ LANG ] /Users/liyigang/Desktop/tp5/thinkphp/lang/zh-cn.php
[ info ] [ ROUTE ] array (
)
[ info ] [ HEADER ] array (
  'host' => 'localhost:8888',
  'connection' => 'keep-alive',
  'user-agent' => 'Mozilla/5.0 (Macintosh; Intel Mac OS X 10_13_1) AppleWebKit/537.36 (KHTML, like Gecko) Chrome/64.0.3282.186 Safari/537.36',
  'accept' => 'image/webp,image/apng,image/*,*/*;q=0.8',
  'referer' => 'http://localhost:8888/home/picture',
  'accept-encoding' => 'gzip, deflate, br',
  'accept-language' => 'zh-CN,zh;q=0.9,en;q=0.8',
  'cookie' => 'PHPSESSID=0a25464b6cbcc128178b9de3a9948a7b',
)
[ info ] [ PARAM ] array (
)
[ info ] [ LOG ] INIT File
---------------------------------------------------------------
[ 2018-03-05T11:54:54+08:00 ] 0.0.0.0 GET /uploads/2018-02-28/andrio-down.png
[ info ] localhost:8888/uploads/2018-02-28/andrio-down.png [运行时间：0.032536s][吞吐率：30.74req/s] [内存消耗：1,452.96kb] [文件加载：46]
[ info ] [ LANG ] /Users/liyigang/Desktop/tp5/thinkphp/lang/zh-cn.php
[ info ] [ ROUTE ] array (
)
[ info ] [ HEADER ] array (
  'host' => 'localhost:8888',
  'connection' => 'keep-alive',
  'user-agent' => 'Mozilla/5.0 (Macintosh; Intel Mac OS X 10_13_1) AppleWebKit/537.36 (KHTML, like Gecko) Chrome/64.0.3282.186 Safari/537.36',
  'accept' => 'image/webp,image/apng,image/*,*/*;q=0.8',
  'referer' => 'http://localhost:8888/home/picture',
  'accept-encoding' => 'gzip, deflate, br',
  'accept-language' => 'zh-CN,zh;q=0.9,en;q=0.8',
  'cookie' => 'PHPSESSID=0a25464b6cbcc128178b9de3a9948a7b',
)
[ info ] [ PARAM ] array (
)
[ info ] [ LOG ] INIT File
---------------------------------------------------------------
[ 2018-03-05T11:54:54+08:00 ] 0.0.0.0 GET /uploads/2018-02-28/book-hover.png
[ info ] localhost:8888/uploads/2018-02-28/book-hover.png [运行时间：0.030663s][吞吐率：32.61req/s] [内存消耗：1,452.96kb] [文件加载：46]
[ info ] [ LANG ] /Users/liyigang/Desktop/tp5/thinkphp/lang/zh-cn.php
[ info ] [ ROUTE ] array (
)
[ info ] [ HEADER ] array (
  'host' => 'localhost:8888',
  'connection' => 'keep-alive',
  'user-agent' => 'Mozilla/5.0 (Macintosh; Intel Mac OS X 10_13_1) AppleWebKit/537.36 (KHTML, like Gecko) Chrome/64.0.3282.186 Safari/537.36',
  'accept' => 'image/webp,image/apng,image/*,*/*;q=0.8',
  'referer' => 'http://localhost:8888/home/picture',
  'accept-encoding' => 'gzip, deflate, br',
  'accept-language' => 'zh-CN,zh;q=0.9,en;q=0.8',
  'cookie' => 'PHPSESSID=0a25464b6cbcc128178b9de3a9948a7b',
)
[ info ] [ PARAM ] array (
)
[ info ] [ LOG ] INIT File
