---------------------------------------------------------------
[ 2018-02-28T12:26:56+08:00 ] 0.0.0.0 GET /home/upload
[ info ] localhost:8888/home/upload [运行时间：0.143901s][吞吐率：6.95req/s] [内存消耗：1,790.11kb] [文件加载：54]
[ info ] [ LANG ] /Users/liyigang/Desktop/tp5/thinkphp/lang/zh-cn.php
[ info ] [ ROUTE ] array (
  'rule' => 'home/upload',
  'route' => 'home/upload/index',
  'option' => 
  array (
  ),
  'var' => 
  array (
  ),
)
[ info ] [ HEADER ] array (
  'host' => 'localhost:8888',
  'connection' => 'keep-alive',
  'cache-control' => 'max-age=0',
  'upgrade-insecure-requests' => '1',
  'user-agent' => 'Mozilla/5.0 (Macintosh; Intel Mac OS X 10_13_1) AppleWebKit/537.36 (KHTML, like Gecko) Chrome/63.0.3239.84 Safari/537.36',
  'accept' => 'text/html,application/xhtml+xml,application/xml;q=0.9,image/webp,image/apng,*/*;q=0.8',
  'referer' => 'http://localhost:8888/home/index',
  'accept-encoding' => 'gzip, deflate, br',
  'accept-language' => 'zh-CN,zh;q=0.9,en;q=0.8',
)
[ info ] [ PARAM ] array (
)
[ info ] [ SESSION ] INIT array (
  'id' => '',
  'var_session_id' => '',
  'prefix' => 'think',
  'type' => '',
  'auto_start' => true,
  'httponly' => true,
  'secure' => false,
  'expire' => 600,
)
[ info ] [ LOG ] INIT File
---------------------------------------------------------------
[ 2018-02-28T12:26:56+08:00 ] 0.0.0.0 GET /user/login
[ info ] localhost:8888/user/login [运行时间：0.042398s][吞吐率：23.59req/s] [内存消耗：1,773.51kb] [文件加载：53]
[ info ] [ LANG ] /Users/liyigang/Desktop/tp5/thinkphp/lang/zh-cn.php
[ info ] [ ROUTE ] array (
  'rule' => 'user/login',
  'route' => 'home/UsersController/login',
  'option' => 
  array (
  ),
  'var' => 
  array (
  ),
)
[ info ] [ HEADER ] array (
  'host' => 'localhost:8888',
  'connection' => 'keep-alive',
  'cache-control' => 'max-age=0',
  'upgrade-insecure-requests' => '1',
  'user-agent' => 'Mozilla/5.0 (Macintosh; Intel Mac OS X 10_13_1) AppleWebKit/537.36 (KHTML, like Gecko) Chrome/63.0.3239.84 Safari/537.36',
  'accept' => 'text/html,application/xhtml+xml,application/xml;q=0.9,image/webp,image/apng,*/*;q=0.8',
  'referer' => 'http://localhost:8888/home/index',
  'accept-encoding' => 'gzip, deflate, br',
  'accept-language' => 'zh-CN,zh;q=0.9,en;q=0.8',
  'cookie' => 'PHPSESSID=5b9542f6c21d2bb141f9c86bab071677',
)
[ info ] [ PARAM ] array (
)
[ info ] [ VIEW ] /Users/liyigang/Desktop/tp5/application/home/view/users_controller/login.html [ array (
) ]
[ info ] [ LOG ] INIT File
---------------------------------------------------------------
[ 2018-02-28T12:27:15+08:00 ] 0.0.0.0 GET /user/login
[ info ] localhost:8888/user/login [运行时间：0.057651s][吞吐率：17.35req/s] [内存消耗：1,773.51kb] [文件加载：53]
[ info ] [ LANG ] /Users/liyigang/Desktop/tp5/thinkphp/lang/zh-cn.php
[ info ] [ ROUTE ] array (
  'rule' => 'user/login',
  'route' => 'home/UsersController/login',
  'option' => 
  array (
  ),
  'var' => 
  array (
  ),
)
[ info ] [ HEADER ] array (
  'host' => 'localhost:8888',
  'connection' => 'keep-alive',
  'cache-control' => 'max-age=0',
  'upgrade-insecure-requests' => '1',
  'user-agent' => 'Mozilla/5.0 (Macintosh; Intel Mac OS X 10_13_1) AppleWebKit/537.36 (KHTML, like Gecko) Chrome/63.0.3239.84 Safari/537.36',
  'accept' => 'text/html,application/xhtml+xml,application/xml;q=0.9,image/webp,image/apng,*/*;q=0.8',
  'referer' => 'http://localhost:8888/home/index',
  'accept-encoding' => 'gzip, deflate, br',
  'accept-language' => 'zh-CN,zh;q=0.9,en;q=0.8',
  'cookie' => 'PHPSESSID=5b9542f6c21d2bb141f9c86bab071677',
)
[ info ] [ PARAM ] array (
)
[ info ] [ VIEW ] /Users/liyigang/Desktop/tp5/application/home/view/users_controller/login.html [ array (
) ]
[ info ] [ LOG ] INIT File
---------------------------------------------------------------
[ 2018-02-28T12:27:21+08:00 ] 0.0.0.0 POST /users/login/handler
[ info ] localhost:8888/users/login/handler [运行时间：0.417630s][吞吐率：2.39req/s] [内存消耗：3,487.36kb] [文件加载：69]
[ info ] [ LANG ] /Users/liyigang/Desktop/tp5/thinkphp/lang/zh-cn.php
[ info ] [ ROUTE ] array (
  'rule' => 'users/login/handler',
  'route' => 'home/UsersController/loginHandler',
  'option' => 
  array (
  ),
  'var' => 
  array (
  ),
)
[ info ] [ HEADER ] array (
  'host' => 'localhost:8888',
  'connection' => 'keep-alive',
  'content-length' => '77',
  'accept' => '*/*',
  'origin' => 'http://localhost:8888',
  'x-requested-with' => 'XMLHttpRequest',
  'user-agent' => 'Mozilla/5.0 (Macintosh; Intel Mac OS X 10_13_1) AppleWebKit/537.36 (KHTML, like Gecko) Chrome/63.0.3239.84 Safari/537.36',
  'content-type' => 'application/x-www-form-urlencoded; charset=UTF-8',
  'referer' => 'http://localhost:8888/user/login',
  'accept-encoding' => 'gzip, deflate, br',
  'accept-language' => 'zh-CN,zh;q=0.9,en;q=0.8',
  'cookie' => 'PHPSESSID=5b9542f6c21d2bb141f9c86bab071677',
)
[ info ] [ PARAM ] array (
  'form' => 
  array (
    'username' => 'daniel',
    'password' => '63a9f0ea7bb98050796b649e85481845',
  ),
)
[ info ] [ DB ] INIT mysql
[ info ] [ SESSION ] INIT array (
  'id' => '',
  'var_session_id' => '',
  'prefix' => 'think',
  'type' => '',
  'auto_start' => true,
  'httponly' => true,
  'secure' => false,
  'expire' => 600,
)
[ info ] [ LOG ] INIT File
[ sql ] [ DB ] CONNECT:[ UseTime:0.260451s ] mysql:host=119.23.31.157;port=3306;dbname=companytool;charset=utf8
[ sql ] [ SQL ] SHOW COLUMNS FROM `users` [ RunTime:0.012772s ]
[ sql ] [ SQL ] SELECT * FROM `users` WHERE  `username` = 'daniel'  AND `password` = '63a9f0ea7bb98050796b649e85481845' [ RunTime:0.011248s ]
[ sql ] [ SQL ] SELECT * FROM `users` WHERE  `username` = 'daniel'  AND `password` = '63a9f0ea7bb98050796b649e85481845' [ RunTime:0.010230s ]
[ sql ] [ SQL ] SELECT * FROM `users` WHERE  `username` = 'daniel'  AND `password` = '63a9f0ea7bb98050796b649e85481845' [ RunTime:0.010669s ]
---------------------------------------------------------------
[ 2018-02-28T12:27:23+08:00 ] 0.0.0.0 GET /home/index
[ info ] localhost:8888/home/index [运行时间：0.049456s][吞吐率：20.22req/s] [内存消耗：1,965.87kb] [文件加载：56]
[ info ] [ LANG ] /Users/liyigang/Desktop/tp5/thinkphp/lang/zh-cn.php
[ info ] [ ROUTE ] array (
  'rule' => 'home/index',
  'route' => 'home/index/home',
  'option' => 
  array (
  ),
  'var' => 
  array (
  ),
)
[ info ] [ HEADER ] array (
  'host' => 'localhost:8888',
  'connection' => 'keep-alive',
  'upgrade-insecure-requests' => '1',
  'user-agent' => 'Mozilla/5.0 (Macintosh; Intel Mac OS X 10_13_1) AppleWebKit/537.36 (KHTML, like Gecko) Chrome/63.0.3239.84 Safari/537.36',
  'accept' => 'text/html,application/xhtml+xml,application/xml;q=0.9,image/webp,image/apng,*/*;q=0.8',
  'referer' => 'http://localhost:8888/user/login',
  'accept-encoding' => 'gzip, deflate, br',
  'accept-language' => 'zh-CN,zh;q=0.9,en;q=0.8',
  'cookie' => 'PHPSESSID=5b9542f6c21d2bb141f9c86bab071677',
)
[ info ] [ PARAM ] array (
)
[ info ] [ SESSION ] INIT array (
  'id' => '',
  'var_session_id' => '',
  'prefix' => 'think',
  'type' => '',
  'auto_start' => true,
  'httponly' => true,
  'secure' => false,
  'expire' => 600,
)
[ info ] [ VIEW ] /Users/liyigang/Desktop/tp5/application/home/view/index/home.html [ array (
  0 => 'time',
  1 => 'nickname',
) ]
[ info ] [ LOG ] INIT File
---------------------------------------------------------------
[ 2018-02-28T12:27:24+08:00 ] 0.0.0.0 GET /user/admin
[ info ] localhost:8888/user/admin [运行时间：0.114411s][吞吐率：8.74req/s] [内存消耗：3,624.46kb] [文件加载：72]
[ info ] [ LANG ] /Users/liyigang/Desktop/tp5/thinkphp/lang/zh-cn.php
[ info ] [ ROUTE ] array (
  'rule' => 'user/admin',
  'route' => 'home/Admin/index',
  'option' => 
  array (
  ),
  'var' => 
  array (
  ),
)
[ info ] [ HEADER ] array (
  'host' => 'localhost:8888',
  'connection' => 'keep-alive',
  'upgrade-insecure-requests' => '1',
  'user-agent' => 'Mozilla/5.0 (Macintosh; Intel Mac OS X 10_13_1) AppleWebKit/537.36 (KHTML, like Gecko) Chrome/63.0.3239.84 Safari/537.36',
  'accept' => 'text/html,application/xhtml+xml,application/xml;q=0.9,image/webp,image/apng,*/*;q=0.8',
  'referer' => 'http://localhost:8888/home/index',
  'accept-encoding' => 'gzip, deflate, br',
  'accept-language' => 'zh-CN,zh;q=0.9,en;q=0.8',
  'cookie' => 'PHPSESSID=5b9542f6c21d2bb141f9c86bab071677',
)
[ info ] [ PARAM ] array (
)
[ info ] [ SESSION ] INIT array (
  'id' => '',
  'var_session_id' => '',
  'prefix' => 'think',
  'type' => '',
  'auto_start' => true,
  'httponly' => true,
  'secure' => false,
  'expire' => 600,
)
[ info ] [ DB ] INIT mysql
[ info ] [ VIEW ] /Users/liyigang/Desktop/tp5/thinkphp/tpl/dispatch_jump.tpl [ array (
  0 => 'time',
  1 => 'nickname',
  2 => 'code',
  3 => 'msg',
  4 => 'data',
  5 => 'url',
  6 => 'wait',
) ]
[ info ] [ LOG ] INIT File
[ sql ] [ DB ] CONNECT:[ UseTime:0.013945s ] mysql:host=119.23.31.157;port=3306;dbname=companytool;charset=utf8
[ sql ] [ SQL ] SHOW COLUMNS FROM `users` [ RunTime:0.009082s ]
[ sql ] [ SQL ] SELECT * FROM `users` WHERE  `username` = 'daniel' LIMIT 1 [ RunTime:0.008512s ]
---------------------------------------------------------------
[ 2018-02-28T12:27:27+08:00 ] 0.0.0.0 GET /home/index
[ info ] localhost:8888/home/index [运行时间：0.038758s][吞吐率：25.80req/s] [内存消耗：1,776.16kb] [文件加载：54]
[ info ] [ LANG ] /Users/liyigang/Desktop/tp5/thinkphp/lang/zh-cn.php
[ info ] [ ROUTE ] array (
  'rule' => 'home/index',
  'route' => 'home/index/home',
  'option' => 
  array (
  ),
  'var' => 
  array (
  ),
)
[ info ] [ HEADER ] array (
  'host' => 'localhost:8888',
  'connection' => 'keep-alive',
  'user-agent' => 'Mozilla/5.0 (Macintosh; Intel Mac OS X 10_13_1) AppleWebKit/537.36 (KHTML, like Gecko) Chrome/63.0.3239.84 Safari/537.36',
  'upgrade-insecure-requests' => '1',
  'accept' => 'text/html,application/xhtml+xml,application/xml;q=0.9,image/webp,image/apng,*/*;q=0.8',
  'referer' => 'http://localhost:8888/user/login',
  'accept-encoding' => 'gzip, deflate, br',
  'accept-language' => 'zh-CN,zh;q=0.9,en;q=0.8',
  'cookie' => 'PHPSESSID=5b9542f6c21d2bb141f9c86bab071677',
)
[ info ] [ PARAM ] array (
)
[ info ] [ SESSION ] INIT array (
  'id' => '',
  'var_session_id' => '',
  'prefix' => 'think',
  'type' => '',
  'auto_start' => true,
  'httponly' => true,
  'secure' => false,
  'expire' => 600,
)
[ info ] [ VIEW ] /Users/liyigang/Desktop/tp5/application/home/view/index/home.html [ array (
  0 => 'time',
  1 => 'nickname',
) ]
[ info ] [ LOG ] INIT File
---------------------------------------------------------------
[ 2018-02-28T12:27:29+08:00 ] 0.0.0.0 GET /home/index
[ info ] localhost:8888/home/index [运行时间：0.037455s][吞吐率：26.70req/s] [内存消耗：1,776.25kb] [文件加载：54]
[ info ] [ LANG ] /Users/liyigang/Desktop/tp5/thinkphp/lang/zh-cn.php
[ info ] [ ROUTE ] array (
  'rule' => 'home/index',
  'route' => 'home/index/home',
  'option' => 
  array (
  ),
  'var' => 
  array (
  ),
)
[ info ] [ HEADER ] array (
  'host' => 'localhost:8888',
  'connection' => 'keep-alive',
  'upgrade-insecure-requests' => '1',
  'user-agent' => 'Mozilla/5.0 (Macintosh; Intel Mac OS X 10_13_1) AppleWebKit/537.36 (KHTML, like Gecko) Chrome/63.0.3239.84 Safari/537.36',
  'accept' => 'text/html,application/xhtml+xml,application/xml;q=0.9,image/webp,image/apng,*/*;q=0.8',
  'referer' => 'http://localhost:8888/home/index',
  'accept-encoding' => 'gzip, deflate, br',
  'accept-language' => 'zh-CN,zh;q=0.9,en;q=0.8',
  'cookie' => 'PHPSESSID=5b9542f6c21d2bb141f9c86bab071677',
)
[ info ] [ PARAM ] array (
)
[ info ] [ SESSION ] INIT array (
  'id' => '',
  'var_session_id' => '',
  'prefix' => 'think',
  'type' => '',
  'auto_start' => true,
  'httponly' => true,
  'secure' => false,
  'expire' => 600,
)
[ info ] [ VIEW ] /Users/liyigang/Desktop/tp5/application/home/view/index/home.html [ array (
  0 => 'time',
  1 => 'nickname',
) ]
[ info ] [ LOG ] INIT File
---------------------------------------------------------------
[ 2018-02-28T12:27:29+08:00 ] 0.0.0.0 GET /home/upload
[ info ] localhost:8888/home/upload [运行时间：0.101367s][吞吐率：9.87req/s] [内存消耗：3,611.55kb] [文件加载：70]
[ info ] [ LANG ] /Users/liyigang/Desktop/tp5/thinkphp/lang/zh-cn.php
[ info ] [ ROUTE ] array (
  'rule' => 'home/upload',
  'route' => 'home/upload/index',
  'option' => 
  array (
  ),
  'var' => 
  array (
  ),
)
[ info ] [ HEADER ] array (
  'host' => 'localhost:8888',
  'connection' => 'keep-alive',
  'upgrade-insecure-requests' => '1',
  'user-agent' => 'Mozilla/5.0 (Macintosh; Intel Mac OS X 10_13_1) AppleWebKit/537.36 (KHTML, like Gecko) Chrome/63.0.3239.84 Safari/537.36',
  'accept' => 'text/html,application/xhtml+xml,application/xml;q=0.9,image/webp,image/apng,*/*;q=0.8',
  'referer' => 'http://localhost:8888/home/index',
  'accept-encoding' => 'gzip, deflate, br',
  'accept-language' => 'zh-CN,zh;q=0.9,en;q=0.8',
  'cookie' => 'PHPSESSID=5b9542f6c21d2bb141f9c86bab071677',
)
[ info ] [ PARAM ] array (
)
[ info ] [ SESSION ] INIT array (
  'id' => '',
  'var_session_id' => '',
  'prefix' => 'think',
  'type' => '',
  'auto_start' => true,
  'httponly' => true,
  'secure' => false,
  'expire' => 600,
)
[ info ] [ DB ] INIT mysql
[ info ] [ VIEW ] /Users/liyigang/Desktop/tp5/application/home/view/upload/index.html [ array (
  0 => 'time',
  1 => 'nickname',
  2 => 'userInfo',
) ]
[ info ] [ LOG ] INIT File
[ sql ] [ DB ] CONNECT:[ UseTime:0.015264s ] mysql:host=119.23.31.157;port=3306;dbname=companytool;charset=utf8
[ sql ] [ SQL ] SHOW COLUMNS FROM `users` [ RunTime:0.009295s ]
[ sql ] [ SQL ] SELECT * FROM `users` WHERE  `username` = 'daniel' LIMIT 1 [ RunTime:0.008739s ]
---------------------------------------------------------------
[ 2018-02-28T12:27:30+08:00 ] 0.0.0.0 GET /home/upload
[ info ] localhost:8888/home/upload [运行时间：0.156886s][吞吐率：6.37req/s] [内存消耗：3,419.79kb] [文件加载：68]
[ info ] [ LANG ] /Users/liyigang/Desktop/tp5/thinkphp/lang/zh-cn.php
[ info ] [ ROUTE ] array (
  'rule' => 'home/upload',
  'route' => 'home/upload/index',
  'option' => 
  array (
  ),
  'var' => 
  array (
  ),
)
[ info ] [ HEADER ] array (
  'host' => 'localhost:8888',
  'connection' => 'keep-alive',
  'user-agent' => 'Mozilla/5.0 (Macintosh; Intel Mac OS X 10_13_1) AppleWebKit/537.36 (KHTML, like Gecko) Chrome/63.0.3239.84 Safari/537.36',
  'accept' => 'image/webp,image/apng,image/*,*/*;q=0.8',
  'referer' => 'http://localhost:8888/home/upload',
  'accept-encoding' => 'gzip, deflate, br',
  'accept-language' => 'zh-CN,zh;q=0.9,en;q=0.8',
  'cookie' => 'PHPSESSID=5b9542f6c21d2bb141f9c86bab071677',
)
[ info ] [ PARAM ] array (
)
[ info ] [ SESSION ] INIT array (
  'id' => '',
  'var_session_id' => '',
  'prefix' => 'think',
  'type' => '',
  'auto_start' => true,
  'httponly' => true,
  'secure' => false,
  'expire' => 600,
)
[ info ] [ DB ] INIT mysql
[ info ] [ VIEW ] /Users/liyigang/Desktop/tp5/application/home/view/upload/index.html [ array (
  0 => 'time',
  1 => 'nickname',
  2 => 'userInfo',
) ]
[ info ] [ LOG ] INIT File
[ sql ] [ DB ] CONNECT:[ UseTime:0.015445s ] mysql:host=119.23.31.157;port=3306;dbname=companytool;charset=utf8
[ sql ] [ SQL ] SHOW COLUMNS FROM `users` [ RunTime:0.009848s ]
[ sql ] [ SQL ] SELECT * FROM `users` WHERE  `username` = 'daniel' LIMIT 1 [ RunTime:0.009691s ]
---------------------------------------------------------------
[ 2018-02-28T12:27:30+08:00 ] 0.0.0.0 GET /home/picture
[ info ] localhost:8888/home/picture [运行时间：0.046912s][吞吐率：21.32req/s] [内存消耗：1,964.36kb] [文件加载：56]
[ info ] [ LANG ] /Users/liyigang/Desktop/tp5/thinkphp/lang/zh-cn.php
[ info ] [ ROUTE ] array (
  'rule' => 'home/picture',
  'route' => 'home/picture/index',
  'option' => 
  array (
  ),
  'var' => 
  array (
  ),
)
[ info ] [ HEADER ] array (
  'host' => 'localhost:8888',
  'connection' => 'keep-alive',
  'upgrade-insecure-requests' => '1',
  'user-agent' => 'Mozilla/5.0 (Macintosh; Intel Mac OS X 10_13_1) AppleWebKit/537.36 (KHTML, like Gecko) Chrome/63.0.3239.84 Safari/537.36',
  'accept' => 'text/html,application/xhtml+xml,application/xml;q=0.9,image/webp,image/apng,*/*;q=0.8',
  'referer' => 'http://localhost:8888/home/upload',
  'accept-encoding' => 'gzip, deflate, br',
  'accept-language' => 'zh-CN,zh;q=0.9,en;q=0.8',
  'cookie' => 'PHPSESSID=5b9542f6c21d2bb141f9c86bab071677',
)
[ info ] [ PARAM ] array (
)
[ info ] [ SESSION ] INIT array (
  'id' => '',
  'var_session_id' => '',
  'prefix' => 'think',
  'type' => '',
  'auto_start' => true,
  'httponly' => true,
  'secure' => false,
  'expire' => 600,
)
[ info ] [ VIEW ] /Users/liyigang/Desktop/tp5/application/home/view/picture/index.html [ array (
  0 => 'time',
  1 => 'nickname',
) ]
[ info ] [ LOG ] INIT File
---------------------------------------------------------------
[ 2018-02-28T12:27:31+08:00 ] 0.0.0.0 GET /home/upload
[ info ] localhost:8888/home/upload [运行时间：0.092290s][吞吐率：10.84req/s] [内存消耗：3,420.36kb] [文件加载：68]
[ info ] [ LANG ] /Users/liyigang/Desktop/tp5/thinkphp/lang/zh-cn.php
[ info ] [ ROUTE ] array (
  'rule' => 'home/upload',
  'route' => 'home/upload/index',
  'option' => 
  array (
  ),
  'var' => 
  array (
  ),
)
[ info ] [ HEADER ] array (
  'host' => 'localhost:8888',
  'connection' => 'keep-alive',
  'upgrade-insecure-requests' => '1',
  'user-agent' => 'Mozilla/5.0 (Macintosh; Intel Mac OS X 10_13_1) AppleWebKit/537.36 (KHTML, like Gecko) Chrome/63.0.3239.84 Safari/537.36',
  'accept' => 'text/html,application/xhtml+xml,application/xml;q=0.9,image/webp,image/apng,*/*;q=0.8',
  'referer' => 'http://localhost:8888/home/picture',
  'accept-encoding' => 'gzip, deflate, br',
  'accept-language' => 'zh-CN,zh;q=0.9,en;q=0.8',
  'cookie' => 'PHPSESSID=5b9542f6c21d2bb141f9c86bab071677',
)
[ info ] [ PARAM ] array (
)
[ info ] [ SESSION ] INIT array (
  'id' => '',
  'var_session_id' => '',
  'prefix' => 'think',
  'type' => '',
  'auto_start' => true,
  'httponly' => true,
  'secure' => false,
  'expire' => 600,
)
[ info ] [ DB ] INIT mysql
[ info ] [ VIEW ] /Users/liyigang/Desktop/tp5/application/home/view/upload/index.html [ array (
  0 => 'time',
  1 => 'nickname',
  2 => 'userInfo',
) ]
[ info ] [ LOG ] INIT File
[ sql ] [ DB ] CONNECT:[ UseTime:0.015319s ] mysql:host=119.23.31.157;port=3306;dbname=companytool;charset=utf8
[ sql ] [ SQL ] SHOW COLUMNS FROM `users` [ RunTime:0.010722s ]
[ sql ] [ SQL ] SELECT * FROM `users` WHERE  `username` = 'daniel' LIMIT 1 [ RunTime:0.010157s ]
---------------------------------------------------------------
[ 2018-02-28T12:27:31+08:00 ] 0.0.0.0 GET /home/upload
[ info ] localhost:8888/home/upload [运行时间：0.143818s][吞吐率：6.95req/s] [内存消耗：3,419.79kb] [文件加载：68]
[ info ] [ LANG ] /Users/liyigang/Desktop/tp5/thinkphp/lang/zh-cn.php
[ info ] [ ROUTE ] array (
  'rule' => 'home/upload',
  'route' => 'home/upload/index',
  'option' => 
  array (
  ),
  'var' => 
  array (
  ),
)
[ info ] [ HEADER ] array (
  'host' => 'localhost:8888',
  'connection' => 'keep-alive',
  'user-agent' => 'Mozilla/5.0 (Macintosh; Intel Mac OS X 10_13_1) AppleWebKit/537.36 (KHTML, like Gecko) Chrome/63.0.3239.84 Safari/537.36',
  'accept' => 'image/webp,image/apng,image/*,*/*;q=0.8',
  'referer' => 'http://localhost:8888/home/upload',
  'accept-encoding' => 'gzip, deflate, br',
  'accept-language' => 'zh-CN,zh;q=0.9,en;q=0.8',
  'cookie' => 'PHPSESSID=5b9542f6c21d2bb141f9c86bab071677',
)
[ info ] [ PARAM ] array (
)
[ info ] [ SESSION ] INIT array (
  'id' => '',
  'var_session_id' => '',
  'prefix' => 'think',
  'type' => '',
  'auto_start' => true,
  'httponly' => true,
  'secure' => false,
  'expire' => 600,
)
[ info ] [ DB ] INIT mysql
[ info ] [ VIEW ] /Users/liyigang/Desktop/tp5/application/home/view/upload/index.html [ array (
  0 => 'time',
  1 => 'nickname',
  2 => 'userInfo',
) ]
[ info ] [ LOG ] INIT File
[ sql ] [ DB ] CONNECT:[ UseTime:0.014849s ] mysql:host=119.23.31.157;port=3306;dbname=companytool;charset=utf8
[ sql ] [ SQL ] SHOW COLUMNS FROM `users` [ RunTime:0.015940s ]
[ sql ] [ SQL ] SELECT * FROM `users` WHERE  `username` = 'daniel' LIMIT 1 [ RunTime:0.010691s ]
---------------------------------------------------------------
[ 2018-02-28T12:35:04+08:00 ] 0.0.0.0 GET /home/upload
[ info ] localhost:8888/home/upload [运行时间：0.335079s][吞吐率：2.98req/s] [内存消耗：3,672.12kb] [文件加载：73]
[ info ] [ LANG ] /Users/liyigang/Desktop/tp5/thinkphp/lang/zh-cn.php
[ info ] [ ROUTE ] array (
  'rule' => 'home/upload',
  'route' => 'home/upload/index',
  'option' => 
  array (
  ),
  'var' => 
  array (
  ),
)
[ info ] [ HEADER ] array (
  'host' => 'localhost:8888',
  'connection' => 'keep-alive',
  'cache-control' => 'max-age=0',
  'user-agent' => 'Mozilla/5.0 (Macintosh; Intel Mac OS X 10_13_1) AppleWebKit/537.36 (KHTML, like Gecko) Chrome/63.0.3239.84 Safari/537.36',
  'upgrade-insecure-requests' => '1',
  'accept' => 'text/html,application/xhtml+xml,application/xml;q=0.9,image/webp,image/apng,*/*;q=0.8',
  'referer' => 'http://localhost:8888/home/picture',
  'accept-encoding' => 'gzip, deflate, br',
  'accept-language' => 'zh-CN,zh;q=0.9,en;q=0.8',
  'cookie' => 'PHPSESSID=5b9542f6c21d2bb141f9c86bab071677',
)
[ info ] [ PARAM ] array (
)
[ info ] [ SESSION ] INIT array (
  'id' => '',
  'var_session_id' => '',
  'prefix' => 'think',
  'type' => '',
  'auto_start' => true,
  'httponly' => true,
  'secure' => false,
  'expire' => 600,
)
[ info ] [ DB ] INIT mysql
[ info ] [ VIEW ] /Users/liyigang/Desktop/tp5/application/home/view/upload/index.html [ array (
  0 => 'time',
  1 => 'nickname',
  2 => 'userInfo',
) ]
[ info ] [ LOG ] INIT File
[ sql ] [ DB ] CONNECT:[ UseTime:0.013540s ] mysql:host=119.23.31.157;port=3306;dbname=companytool;charset=utf8
[ sql ] [ SQL ] SHOW COLUMNS FROM `users` [ RunTime:0.013223s ]
[ sql ] [ SQL ] SELECT * FROM `users` WHERE  `username` = 'daniel' LIMIT 1 [ RunTime:0.008598s ]
[ error ] [8]Use of undefined constant src - assumed 'src'[/Users/liyigang/Desktop/tp5/runtime/temp/2071e6010cf45e94bee354e8923d5243.php:66]
---------------------------------------------------------------
[ 2018-02-28T12:36:08+08:00 ] 0.0.0.0 GET /home/upload
[ info ] localhost:8888/home/upload [运行时间：0.112335s][吞吐率：8.90req/s] [内存消耗：3,611.62kb] [文件加载：70]
[ info ] [ LANG ] /Users/liyigang/Desktop/tp5/thinkphp/lang/zh-cn.php
[ info ] [ ROUTE ] array (
  'rule' => 'home/upload',
  'route' => 'home/upload/index',
  'option' => 
  array (
  ),
  'var' => 
  array (
  ),
)
[ info ] [ HEADER ] array (
  'host' => 'localhost:8888',
  'connection' => 'keep-alive',
  'cache-control' => 'max-age=0',
  'user-agent' => 'Mozilla/5.0 (Macintosh; Intel Mac OS X 10_13_1) AppleWebKit/537.36 (KHTML, like Gecko) Chrome/63.0.3239.84 Safari/537.36',
  'upgrade-insecure-requests' => '1',
  'accept' => 'text/html,application/xhtml+xml,application/xml;q=0.9,image/webp,image/apng,*/*;q=0.8',
  'referer' => 'http://localhost:8888/home/picture',
  'accept-encoding' => 'gzip, deflate, br',
  'accept-language' => 'zh-CN,zh;q=0.9,en;q=0.8',
  'cookie' => 'PHPSESSID=5b9542f6c21d2bb141f9c86bab071677',
)
[ info ] [ PARAM ] array (
)
[ info ] [ SESSION ] INIT array (
  'id' => '',
  'var_session_id' => '',
  'prefix' => 'think',
  'type' => '',
  'auto_start' => true,
  'httponly' => true,
  'secure' => false,
  'expire' => 600,
)
[ info ] [ DB ] INIT mysql
[ info ] [ VIEW ] /Users/liyigang/Desktop/tp5/application/home/view/upload/index.html [ array (
  0 => 'time',
  1 => 'nickname',
  2 => 'userInfo',
) ]
[ info ] [ LOG ] INIT File
[ sql ] [ DB ] CONNECT:[ UseTime:0.016925s ] mysql:host=119.23.31.157;port=3306;dbname=companytool;charset=utf8
[ sql ] [ SQL ] SHOW COLUMNS FROM `users` [ RunTime:0.012249s ]
[ sql ] [ SQL ] SELECT * FROM `users` WHERE  `username` = 'daniel' LIMIT 1 [ RunTime:0.011422s ]
---------------------------------------------------------------
[ 2018-02-28T12:36:14+08:00 ] 0.0.0.0 GET /js/jsrender.min.js.map
[ info ] localhost:8888/js/jsrender.min.js.map [运行时间：0.053201s][吞吐率：18.80req/s] [内存消耗：1,450.38kb] [文件加载：46]
[ info ] [ LANG ] /Users/liyigang/Desktop/tp5/thinkphp/lang/zh-cn.php
[ info ] [ ROUTE ] array (
)
[ info ] [ HEADER ] array (
  'host' => 'localhost:8888',
  'connection' => 'keep-alive',
  'user-agent' => 'Mozilla/5.0 (Macintosh; Intel Mac OS X 10_13_1) AppleWebKit/537.36 (KHTML, like Gecko) Chrome/63.0.3239.84 Safari/537.36',
  'accept-encoding' => 'gzip, deflate, br',
  'accept-language' => 'zh-CN,zh;q=0.9,en;q=0.8',
  'cookie' => 'PHPSESSID=5b9542f6c21d2bb141f9c86bab071677',
)
[ info ] [ PARAM ] array (
)
[ info ] [ LOG ] INIT File
---------------------------------------------------------------
[ 2018-02-28T12:36:22+08:00 ] 0.0.0.0 POST /home/uploadHandler/
[ info ] localhost:8888/home/uploadHandler/ [运行时间：0.041216s][吞吐率：24.26req/s] [内存消耗：1,913.97kb] [文件加载：56]
[ info ] [ LANG ] /Users/liyigang/Desktop/tp5/thinkphp/lang/zh-cn.php
[ info ] [ ROUTE ] array (
  'rule' => 'home/uploadHandler',
  'route' => 'home/Upload/uploadHandler',
  'option' => 
  array (
  ),
  'var' => 
  array (
  ),
)
[ info ] [ HEADER ] array (
  'host' => 'localhost:8888',
  'connection' => 'keep-alive',
  'content-length' => '6013',
  'accept' => 'application/json, text/javascript, */*; q=0.01',
  'origin' => 'http://localhost:8888',
  'x-requested-with' => 'XMLHttpRequest',
  'user-agent' => 'Mozilla/5.0 (Macintosh; Intel Mac OS X 10_13_1) AppleWebKit/537.36 (KHTML, like Gecko) Chrome/63.0.3239.84 Safari/537.36',
  'content-type' => 'multipart/form-data; boundary=----WebKitFormBoundarybLLfkpr47VRdKwy9',
  'referer' => 'http://localhost:8888/home/upload',
  'accept-encoding' => 'gzip, deflate, br',
  'accept-language' => 'zh-CN,zh;q=0.9,en;q=0.8',
  'cookie' => 'PHPSESSID=5b9542f6c21d2bb141f9c86bab071677',
)
[ info ] [ PARAM ] array (
)
[ info ] [ SESSION ] INIT array (
  'id' => '',
  'var_session_id' => '',
  'prefix' => 'think',
  'type' => '',
  'auto_start' => true,
  'httponly' => true,
  'secure' => false,
  'expire' => 600,
)
[ info ] [ LOG ] INIT File
[ error ] [2]mkdir(): Permission denied[/Users/liyigang/Desktop/tp5/thinkphp/library/think/File.php:160]
